Date:    Mon Jan  9 19:14:44 2023
File:    se2017aug21t.gif
Images:  66
Time:    6.931
Average: 0.105
Initial algorythm with basic console output

Date:    Mon Jan  9 19:15:52 2023
File:    se2017aug21t.gif
Images:  66
Time:    6.878
Average: 0.104
Initial algorythm with basic console output

Date:    Mon Jan  9 19:17:20 2023
File:    firework1.gif
Images:  46
Time:    9.234
Average: 0.201
Initial algorythm with basic console output

Date:    Sat Jan 14 13:27:50 2023
File:    se2017aug21t.gif
Images:  66
Time:    5.907
Average: 0.089
Initial algorythm without output

Date:    Sat Jan 14 13:29:02 2023
File:    firework1.gif
Images:  46
Time:    8.392
Average: 0.182
Initial algorythm without output


Date:    Sat Jan 21 10:28:44 2023
File:    se2017aug21t.gif
Images:  66
Time:    6.118
Average: 0.093
Algorythm with output
LZWAlgorythm in C called from Python

Date:    Sat Jan 21 10:30:49 2023
File:    firework1.gif
Images:  46
Time:    5.669
Average: 0.123
Algorythm with output
LZWAlgorythm in C called from Python


